<?xml version="1.0" encoding="UTF-8"?>
<testng-results ignored="0" total="1" passed="1" failed="0" skipped="0">
  <reporter-output>
    <line>
      <![CDATA[welcome inside testNG]]>
    </line>
  </reporter-output>
  <suite started-at="2024-03-27T16:21:37 IST" name="MySuite" finished-at="2024-03-27T16:21:37 IST" duration-ms="49">
    <groups>
    </groups>
    <test started-at="2024-03-27T16:21:37 IST" name="Test1" finished-at="2024-03-27T16:21:37 IST" duration-ms="49">
      <class name="package1.Test1">
        <test-method signature="welcomeMsg()[pri:0, instance:package1.Test1@4c6e276e]" started-at="2024-03-27T16:21:37 IST" name="welcomeMsg" finished-at="2024-03-27T16:21:37 IST" duration-ms="4" status="PASS">
          <reporter-output>
            <line>
              <![CDATA[welcome inside testNG]]>
            </line>
          </reporter-output>
        </test-method> <!-- welcomeMsg -->
      </class> <!-- package1.Test1 -->
    </test> <!-- Test1 -->
  </suite> <!-- MySuite -->
</testng-results>
